<?xml version="1.0" encoding="UTF-8"?>
<!-- Generated by org.testng.reporters.JUnitXMLReporter -->
<testsuite ignored="0" hostname="DESKTOP-BITBKCU" failures="0" tests="4" name="Default test" time="247.034" errors="0" timestamp="2024-10-09T01:45:53 PET">
  <testcase classname="com.magento.tests.OrderTest" name="agregarProductosalCarrito" time="29.115"/>
  <testcase classname="com.magento.tests.OrderTest" name="EliminarProductosdelCarrito" time="55.873"/>
  <testcase classname="com.magento.tests.OrderTest" name="checkout" time="92.609"/>
  <testcase classname="com.magento.tests.OrderTest" name="ModCantProductosdelCarrito" time="56.569"/>
</testsuite> <!-- Default test -->
