<?xml version="1.0" encoding="UTF-8"?>
<!-- Generated by org.testng.reporters.JUnitXMLReporter -->
<testsuite ignored="0" hostname="DESKTOP-BITBKCU" failures="0" tests="4" name="Test" time="253.693" errors="0" timestamp="2024-10-12T21:00:35 PET">
  <testcase classname="com.magento.tests.OrderTest" name="agregarProductosalCarrito" time="36.449"/>
  <testcase classname="com.magento.tests.OrderTest" name="EliminarProductosdelCarrito" time="59.787"/>
  <testcase classname="com.magento.tests.OrderTest" name="ModCantProductosdelCarrito" time="59.398"/>
  <testcase classname="com.magento.tests.OrderTest" name="checkout" time="92.947"/>
</testsuite> <!-- Test -->
